java.lang.NullPointerException: null
	at com.netease.kaola.buy.compose.serviceImpl.AfterWarehouseSpecImmutableServiceImpl.mergePackageToOrderGroup(AfterWarehouseSpecImmutableServiceImpl.java:358)
	at com.netease.kaola.buy.compose.serviceImpl.AfterWarehouseSpecImmutableServiceImpl.lambda$createSelfOrderGroup$3(AfterWarehouseSpecImmutableServiceImpl.java:296)
	at java.util.stream.ReferencePipeline$3$1.accept(ReferencePipeline.java:193)
	at java.util.HashMap$ValueSpliterator.forEachRemaining(HashMap.java:1620)
	at java.util.stream.AbstractPipeline.copyInto(AbstractPipeline.java:481)
	at java.util.stream.AbstractPipeline.wrapAndCopyInto(AbstractPipeline.java:471)
	at java.util.stream.ReduceOps$ReduceOp.evaluateSequential(ReduceOps.java:708)
	at java.util.stream.AbstractPipeline.evaluate(AbstractPipeline.java:234)
	at java.util.stream.ReferencePipeline.collect(ReferencePipeline.java:499)
	at com.netease.kaola.buy.compose.serviceImpl.AfterWarehouseSpecImmutableServiceImpl.createSelfOrderGroup(AfterWarehouseSpecImmutableServiceImpl.java:296)
	at com.netease.kaola.buy.compose.serviceImpl.AfterWarehouseSpecImmutableServiceImpl.createOrderGroup$sentryProxy3(AfterWarehouseSpecImmutableServiceImpl.java:211)
	at com.netease.kaola.buy.compose.serviceImpl.AfterWarehouseSpecImmutableServiceImpl.createOrderGroup(AfterWarehouseSpecImmutableServiceImpl.java)
	at com.netease.kaola.buy.compose.serviceImpl.AfterWarehouseSpecImmutableServiceImpl.specifyImmutableAndCreateOrderGroupNew$sentryProxy2(AfterWarehouseSpecImmutableServiceImpl.java:111)
	at com.netease.kaola.buy.compose.serviceImpl.AfterWarehouseSpecImmutableServiceImpl.specifyImmutableAndCreateOrderGroupNew(AfterWarehouseSpecImmutableServiceImpl.java)
	at com.netease.kaola.buy.compose.serviceImpl.OrderBuyServiceImpl.specifyImmutableAndCreateOrderGroup(OrderBuyServiceImpl.java:2396)
	at com.netease.kaola.buy.compose.serviceImpl.OrderBuyServiceImpl.previewOrderCommon(OrderBuyServiceImpl.java:2267)
	at com.netease.kaola.buy.compose.serviceImpl.OrderBuyServiceImpl.previewOrder$sentryProxy1(OrderBuyServiceImpl.java:333)
	at com.netease.kaola.buy.compose.serviceImpl.OrderBuyServiceImpl.previewOrder(OrderBuyServiceImpl.java)
	at com.netease.kaola.buy.compose.serviceImpl.OrderBuyServiceImpl.previewOrder(OrderBuyServiceImpl.java:144)
	at sun.reflect.GeneratedMethodAccessor542.invoke(Unknown Source)
	at sun.reflect.DelegatingMethodAccessorImpl.invoke(DelegatingMethodAccessorImpl.java:43)
	at java.lang.reflect.Method.invoke(Method.java:498)
	at org.springframework.aop.support.AopUtils.invokeJoinpointUsingReflection(AopUtils.java:333)
	at org.springframework.aop.framework.ReflectiveMethodInvocation.invokeJoinpoint(ReflectiveMethodInvocation.java:190)
	at org.springframework.aop.framework.ReflectiveMethodInvocation.proceed(ReflectiveMethodInvocation.java:157)
	at org.springframework.aop.aspectj.MethodInvocationProceedingJoinPoint.proceed(MethodInvocationProceedingJoinPoint.java:85)
	at com.alibaba.csp.sentinel.annotation.aspectj.SentinelResourceAspect.invokeResourceWithSentinel(SentinelResourceAspect.java:65)
	at sun.reflect.GeneratedMethodAccessor438.invoke(Unknown Source)
	at sun.reflect.DelegatingMethodAccessorImpl.invoke(DelegatingMethodAccessorImpl.java:43)
	at java.lang.reflect.Method.invoke(Method.java:498)
	at org.springframework.aop.aspectj.AbstractAspectJAdvice.invokeAdviceMethodWithGivenArgs(AbstractAspectJAdvice.java:629)
	at org.springframework.aop.aspectj.AbstractAspectJAdvice.invokeAdviceMethod(AbstractAspectJAdvice.java:618)
	at org.springframework.aop.aspectj.AspectJAroundAdvice.invoke(AspectJAroundAdvice.java:70)
	at org.springframework.aop.framework.ReflectiveMethodInvocation.proceed(ReflectiveMethodInvocation.java:168)
	at org.springframework.aop.interceptor.ExposeInvocationInterceptor.invoke(ExposeInvocationInterceptor.java:92)
	at org.springframework.aop.framework.ReflectiveMethodInvocation.proceed(ReflectiveMethodInvocation.java:179)
	at org.springframework.aop.framework.JdkDynamicAopProxy.invoke(JdkDynamicAopProxy.java:213)
	at com.sun.proxy.$Proxy163.previewOrder(Unknown Source)
	at com.netease.kaola.buy.compose.serviceImpl.route.OrderRouteServiceImpl.previewOrder$sentryProxy1(OrderRouteServiceImpl.java:245)
	at com.netease.kaola.buy.compose.serviceImpl.route.OrderRouteServiceImpl.previewOrder(OrderRouteServiceImpl.java)
	at sun.reflect.GeneratedMethodAccessor538.invoke(Unknown Source)
	at sun.reflect.DelegatingMethodAccessorImpl.invoke(DelegatingMethodAccessorImpl.java:43)
	at java.lang.reflect.Method.invoke(Method.java:498)
	at org.springframework.aop.support.AopUtils.invokeJoinpointUsingReflection(AopUtils.java:333)
	at org.springframework.aop.framework.ReflectiveMethodInvocation.invokeJoinpoint(ReflectiveMethodInvocation.java:190)
	at org.springframework.aop.framework.ReflectiveMethodInvocation.proceed(ReflectiveMethodInvocation.java:157)
	at org.springframework.aop.aspectj.MethodInvocationProceedingJoinPoint.proceed(MethodInvocationProceedingJoinPoint.java:85)
	at com.netease.kaola.monitor.advice.MonitorAspectAdvice.methodMonitorAop(MonitorAspectAdvice.java:87)
	at sun.reflect.GeneratedMethodAccessor380.invoke(Unknown Source)
	at sun.reflect.DelegatingMethodAccessorImpl.invoke(DelegatingMethodAccessorImpl.java:43)
	at java.lang.reflect.Method.invoke(Method.java:498)
	at org.springframework.aop.aspectj.AbstractAspectJAdvice.invokeAdviceMethodWithGivenArgs(AbstractAspectJAdvice.java:629)
	at org.springframework.aop.aspectj.AbstractAspectJAdvice.invokeAdviceMethod(AbstractAspectJAdvice.java:618)
	at org.springframework.aop.aspectj.AspectJAroundAdvice.invoke(AspectJAroundAdvice.java:70)
	at org.springframework.aop.framework.ReflectiveMethodInvocation.proceed(ReflectiveMethodInvocation.java:168)
	at org.springframework.aop.interceptor.ExposeInvocationInterceptor.invoke(ExposeInvocationInterceptor.java:92)
	at org.springframework.aop.framework.ReflectiveMethodInvocation.proceed(ReflectiveMethodInvocation.java:179)
	at org.springframework.aop.framework.JdkDynamicAopProxy.invoke(JdkDynamicAopProxy.java:213)
	at com.sun.proxy.$Proxy165.previewOrder(Unknown Source)
	at com.netease.kaola.buy.compose.serviceImpl.BuyWebOrderServiceImpl.previewOrderNewBase$sentryProxy2(BuyWebOrderServiceImpl.java:301)
	at com.netease.kaola.buy.compose.serviceImpl.BuyWebOrderServiceImpl.previewOrderNewBase(BuyWebOrderServiceImpl.java)
	at com.netease.kaola.buy.compose.serviceImpl.BuyWebOrderServiceImpl.previewOrderNew$sentryProxy1(BuyWebOrderServiceImpl.java:149)
	at com.netease.kaola.buy.compose.serviceImpl.BuyWebOrderServiceImpl.previewOrderNew(BuyWebOrderServiceImpl.java)
	at com.netease.kaola.buy.compose.reborn.entrance.impl.BuyWebOrderServiceImpl.previewOrderNew(BuyWebOrderServiceImpl.java:41)
	at com.netease.kaola.buy.compose.facadeimpl.BuyWebComposeImpl.previewOrderNew$sentryProxy8(BuyWebComposeImpl.java:132)
	at com.netease.kaola.buy.compose.facadeimpl.BuyWebComposeImpl.previewOrderNew(BuyWebComposeImpl.java)
	at com.netease.kaola.buy.compose.facadeimpl.BuyWebComposeImpl.previewOrderNew$sentryProxy7(BuyWebComposeImpl.java:122)
	at com.netease.kaola.buy.compose.facadeimpl.BuyWebComposeImpl.previewOrderNew(BuyWebComposeImpl.java)
	at sun.reflect.GeneratedMethodAccessor528.invoke(Unknown Source)
	at sun.reflect.DelegatingMethodAccessorImpl.invoke(DelegatingMethodAccessorImpl.java:43)
	at java.lang.reflect.Method.invoke(Method.java:498)
	at org.springframework.aop.support.AopUtils.invokeJoinpointUsingReflection(AopUtils.java:333)
	at org.springframework.aop.framework.ReflectiveMethodInvocation.invokeJoinpoint(ReflectiveMethodInvocation.java:190)
	at org.springframework.aop.framework.ReflectiveMethodInvocation.proceed(ReflectiveMethodInvocation.java:157)
	at org.springframework.aop.aspectj.MethodInvocationProceedingJoinPoint.proceed(MethodInvocationProceedingJoinPoint.java:85)
	at com.netease.kaola.monitor.advice.MonitorAspectAdvice.methodMonitorAop(MonitorAspectAdvice.java:87)
	at sun.reflect.GeneratedMethodAccessor380.invoke(Unknown Source)
	at sun.reflect.DelegatingMethodAccessorImpl.invoke(DelegatingMethodAccessorImpl.java:43)
	at java.lang.reflect.Method.invoke(Method.java:498)
	at org.springframework.aop.aspectj.AbstractAspectJAdvice.invokeAdviceMethodWithGivenArgs(AbstractAspectJAdvice.java:629)
	at org.springframework.aop.aspectj.AbstractAspectJAdvice.invokeAdviceMethod(AbstractAspectJAdvice.java:618)
	at org.springframework.aop.aspectj.AspectJAroundAdvice.invoke(AspectJAroundAdvice.java:70)
	at org.springframework.aop.framework.ReflectiveMethodInvocation.proceed(ReflectiveMethodInvocation.java:168)
	at org.springframework.aop.aspectj.MethodInvocationProceedingJoinPoint.proceed(MethodInvocationProceedingJoinPoint.java:85)
	at com.netease.kaola.buy.common.log.LogAspect.invoke(LogAspect.java:42)
	at sun.reflect.GeneratedMethodAccessor420.invoke(Unknown Source)
	at sun.reflect.DelegatingMethodAccessorImpl.invoke(DelegatingMethodAccessorImpl.java:43)
	at java.lang.reflect.Method.invoke(Method.java:498)
	at org.springframework.aop.aspectj.AbstractAspectJAdvice.invokeAdviceMethodWithGivenArgs(AbstractAspectJAdvice.java:629)
	at org.springframework.aop.aspectj.AbstractAspectJAdvice.invokeAdviceMethod(AbstractAspectJAdvice.java:618)
	at org.springframework.aop.aspectj.AspectJAroundAdvice.invoke(AspectJAroundAdvice.java:70)
	at org.springframework.aop.framework.ReflectiveMethodInvocation.proceed(ReflectiveMethodInvocation.java:179)
	at org.springframework.aop.aspectj.MethodInvocationProceedingJoinPoint.proceed(MethodInvocationProceedingJoinPoint.java:85)
	at com.netease.kaola.buy.common.mdc.MDCAspect.invoke(MDCAspect.java:51)
	at sun.reflect.GeneratedMethodAccessor419.invoke(Unknown Source)
	at sun.reflect.DelegatingMethodAccessorImpl.invoke(DelegatingMethodAccessorImpl.java:43)
	at java.lang.reflect.Method.invoke(Method.java:498)
	at org.springframework.aop.aspectj.AbstractAspectJAdvice.invokeAdviceMethodWithGivenArgs(AbstractAspectJAdvice.java:629)
	at org.springframework.aop.aspectj.AbstractAspectJAdvice.invokeAdviceMethod(AbstractAspectJAdvice.java:618)
	at org.springframework.aop.aspectj.AspectJAroundAdvice.invoke(AspectJAroundAdvice.java:70)
	at org.springframework.aop.framework.ReflectiveMethodInvocation.proceed(ReflectiveMethodInvocation.java:168)
	at org.springframework.aop.interceptor.ExposeInvocationInterceptor.invoke(ExposeInvocationInterceptor.java:92)
	at org.springframework.aop.framework.ReflectiveMethodInvocation.proceed(ReflectiveMethodInvocation.java:179)
	at org.springframework.aop.framework.JdkDynamicAopProxy.invoke(JdkDynamicAopProxy.java:213)
	at com.sun.proxy.$Proxy167.previewOrderNew(Unknown Source)
	at org.apache.dubbo.common.bytecode.Wrapper253.invokeMethod(Wrapper253.java)
	at org.apache.dubbo.rpc.proxy.javassist.JavassistProxyFactory$1.doInvoke(JavassistProxyFactory.java:47)
	at org.apache.dubbo.rpc.proxy.AbstractProxyInvoker.invoke(AbstractProxyInvoker.java:84)
	at org.apache.dubbo.config.invoker.DelegateProviderMetaDataInvoker.invoke(DelegateProviderMetaDataInvoker.java:56)
	at org.apache.dubbo.rpc.protocol.InvokerWrapper.invoke(InvokerWrapper.java:56)
	at com.alibaba.dubbo.rpc.Invoker$CompatibleInvoker.invoke(Invoker.java:55)
	at com.netease.kaola.buy.compose.remote.filter.ProviderRequestFilter.invoke(ProviderRequestFilter.java:35)
	at com.alibaba.dubbo.rpc.Filter.invoke(Filter.java:29)
	at org.apache.dubbo.rpc.protocol.ProtocolFilterWrapper$1.invoke(ProtocolFilterWrapper.java:83)
	at com.taobao.hsf.unit.service.impl.UnitServerFilter.invoke(UnitServerFilter.java:60)
	at org.apache.dubbo.rpc.protocol.ProtocolFilterWrapper$1.invoke(ProtocolFilterWrapper.java:83)
	at com.taobao.hsf.region.service.impl.RegionServerFilter.invoke(RegionServerFilter.java:38)
	at org.apache.dubbo.rpc.protocol.ProtocolFilterWrapper$1.invoke(ProtocolFilterWrapper.java:83)
	at com.taobao.hsf.plugins.octopus.OctopusServerFilter.invoke(OctopusServerFilter.java:65)
	at org.apache.dubbo.rpc.protocol.ProtocolFilterWrapper$1.invoke(ProtocolFilterWrapper.java:83)
	at com.taobao.hsf.plugins.spas.SpasServerFilter.invoke(SpasServerFilter.java:85)
	at org.apache.dubbo.rpc.protocol.ProtocolFilterWrapper$1.invoke(ProtocolFilterWrapper.java:83)
	at com.taobao.hsf.plugins.txc.TXCServerFilter.invoke(TXCServerFilter.java:33)
	at org.apache.dubbo.rpc.protocol.ProtocolFilterWrapper$1.invoke(ProtocolFilterWrapper.java:83)
	at com.taobao.hsf.tps.component.TPSServerFilter.invoke(TPSServerFilter.java:65)
	at org.apache.dubbo.rpc.protocol.ProtocolFilterWrapper$1.invoke(ProtocolFilterWrapper.java:83)
	at com.taobao.hsf.invocation.stats.InvocationStatsServerFilter.invoke(InvocationStatsServerFilter.java:58)
	at org.apache.dubbo.rpc.protocol.ProtocolFilterWrapper$1.invoke(ProtocolFilterWrapper.java:83)
	at com.taobao.hsf.monitor.log.filter.MonitorLogServerFilter.invoke(MonitorLogServerFilter.java:71)
	at org.apache.dubbo.rpc.protocol.ProtocolFilterWrapper$1.invoke(ProtocolFilterWrapper.java:83)
	at com.taobao.hsf.profiler.ProfilerServerFilter.invoke(ProfilerServerFilter.java:46)
	at org.apache.dubbo.rpc.protocol.ProtocolFilterWrapper$1.invoke(ProtocolFilterWrapper.java:83)
	at com.taobao.hsf.plugins.eagleeye.EagleEyeServerFilter.invoke(EagleEyeServerFilter.java:67)
	at org.apache.dubbo.rpc.protocol.ProtocolFilterWrapper$1.invoke(ProtocolFilterWrapper.java:83)
	at com.taobao.hsf.rpc.server.MethodAbsenceFilter.invoke(MethodAbsenceFilter.java:44)
	at org.apache.dubbo.rpc.protocol.ProtocolFilterWrapper$1.invoke(ProtocolFilterWrapper.java:83)
	at com.taobao.hsf.top.TopServerFilter.invoke(TopServerFilter.java:95)
	at org.apache.dubbo.rpc.protocol.ProtocolFilterWrapper$1.invoke(ProtocolFilterWrapper.java:83)
	at org.apache.dubbo.rpc.filter.ExceptionFilter.invoke(ExceptionFilter.java:52)
	at org.apache.dubbo.rpc.protocol.ProtocolFilterWrapper$1.invoke(ProtocolFilterWrapper.java:83)
	at com.alibaba.dubbo.rpc.Invoker$CompatibleInvoker.invoke(Invoker.java:55)
	at com.alibaba.csp.sentinel.adapter.dubbo.SentinelDubboProviderFilter.invoke(SentinelDubboProviderFilter.java:72)
	at com.alibaba.dubbo.rpc.Filter.invoke(Filter.java:29)
	at org.apache.dubbo.rpc.protocol.ProtocolFilterWrapper$1.invoke(ProtocolFilterWrapper.java:83)
	at org.apache.dubbo.rpc.filter.TimeoutFilter.invoke(TimeoutFilter.java:46)
	at org.apache.dubbo.rpc.protocol.ProtocolFilterWrapper$1.invoke(ProtocolFilterWrapper.java:83)
	at org.apache.dubbo.rpc.protocol.dubbo.filter.TraceFilter.invoke(TraceFilter.java:77)
	at org.apache.dubbo.rpc.protocol.ProtocolFilterWrapper$1.invoke(ProtocolFilterWrapper.java:83)
	at com.taobao.hsf.common.filter.CommonServerFilter.invoke(CommonServerFilter.java:47)
	at org.apache.dubbo.rpc.protocol.ProtocolFilterWrapper$1.invoke(ProtocolFilterWrapper.java:83)
	at com.alibaba.kaola.dubbo.sentry.RequestConcurrentFilter.invoke(RequestConcurrentFilter.java:28)
	at org.apache.dubbo.rpc.protocol.ProtocolFilterWrapper$1.invoke(ProtocolFilterWrapper.java:83)
	at com.taobao.hsf.debug.DebugServerFilter.invoke(DebugServerFilter.java:62)
	at org.apache.dubbo.rpc.protocol.ProtocolFilterWrapper$1.invoke(ProtocolFilterWrapper.java:83)
	at com.alibaba.kaola.dubbo.sentry.ApacheDubboSentryCollectorFilter.invoke(ApacheDubboSentryCollectorFilter.java:82)
	at org.apache.dubbo.rpc.protocol.ProtocolFilterWrapper$1.invoke(ProtocolFilterWrapper.java:83)
	at org.apache.dubbo.rpc.filter.ContextFilter.invoke(ContextFilter.java:129)
	at org.apache.dubbo.rpc.protocol.ProtocolFilterWrapper$1.invoke(ProtocolFilterWrapper.java:83)
	at com.taobao.hsf.context.RPCContextServerFilter.invoke(RPCContextServerFilter.java:43)
	at org.apache.dubbo.rpc.protocol.ProtocolFilterWrapper$1.invoke(ProtocolFilterWrapper.java:83)
	at com.taobao.hsf.invocation.ObjectAttachmentConvertServerFilter.invoke(ObjectAttachmentConvertServerFilter.java:39)
	at org.apache.dubbo.rpc.protocol.ProtocolFilterWrapper$1.invoke(ProtocolFilterWrapper.java:83)
	at com.taobao.hsf.rpc.generic.HSFGenericInvocationServerFilter.invoke(HSFGenericInvocationServerFilter.java:96)
	at org.apache.dubbo.rpc.protocol.ProtocolFilterWrapper$1.invoke(ProtocolFilterWrapper.java:83)
	at org.apache.dubbo.rpc.filter.ClassLoaderFilter.invoke(ClassLoaderFilter.java:38)
	at org.apache.dubbo.rpc.protocol.ProtocolFilterWrapper$1.invoke(ProtocolFilterWrapper.java:83)
	at org.apache.dubbo.rpc.filter.EchoFilter.invoke(EchoFilter.java:41)
	at org.apache.dubbo.rpc.protocol.ProtocolFilterWrapper$1.invoke(ProtocolFilterWrapper.java:83)
	at com.navercorp.pinpoint.plugin.micro.service.auth.dubbo.apache.AuthProviderFilter.invoke(AuthProviderFilter.java:45)
	at org.apache.dubbo.rpc.protocol.ProtocolFilterWrapper$1.invoke(ProtocolFilterWrapper.java:83)
	at org.apache.dubbo.rpc.protocol.dubbo.DubboProtocol$1.reply(DubboProtocol.java:145)
	at org.apache.dubbo.remoting.exchange.support.header.HeaderExchangeHandler.handleRequest(HeaderExchangeHandler.java:100)
	at org.apache.dubbo.remoting.exchange.support.header.HeaderExchangeHandler.received(HeaderExchangeHandler.java:175)
	at org.apache.dubbo.remoting.transport.DecodeHandler.received(DecodeHandler.java:51)
	at org.apache.dubbo.remoting.transport.dispatcher.ChannelEventRunnable.run(ChannelEventRunnable.java:57)
	at com.navercorp.pinpoint.bootstrap.threadpool.thread.TraceRunnable.run(TraceRunnable.java:21)
	at java.util.concurrent.ThreadPoolExecutor.runWorker(ThreadPoolExecutor.java:1142)
	at java.util.concurrent.ThreadPoolExecutor$Worker.run(ThreadPoolExecutor.java:617)
	at java.lang.Thread.run(Thread.java:745)
